2026-06-18 16:11:03,076 INFO Already running inside target virtualenv; proceeding to run workflow
2026-06-18 16:11:03,076 INFO Run output directory: /output\18_06_26__16_11
2026-06-18 16:11:03,077 INFO Iniciando pruebas de descomposición matricial de dos niveles...
2026-06-18 16:11:03,091 INFO Matriz Unitaria original (U):
2026-06-18 16:11:03,091 INFO 
0.252-0.000j     0.342+0.000j     -0.170+0.000j    -0.470+0.000j    -0.156+0.000j    0.208+0.000j     0.595+0.000j     -0.386+0.000j    
0.069+0.526j     -0.116-0.106j    -0.080-0.106j    0.027+0.175j     0.361-0.439j     0.353-0.175j     -0.117+0.103j    -0.190+0.325j    
0.139+0.097j     0.065+0.040j     0.599+0.045j     -0.131-0.123j    -0.018+0.094j    -0.459-0.150j    -0.164+0.121j    -0.448+0.295j    
-0.584+0.062j    -0.042+0.172j    0.024-0.251j     -0.479-0.070j    -0.302-0.143j    0.002-0.393j     -0.055-0.079j    0.193+0.113j     
0.010+0.203j     0.299+0.670j     0.210-0.023j     0.304-0.048j     0.054+0.156j     0.221+0.022j     0.150-0.347j     0.137+0.207j     
-0.305+0.294j    0.084-0.480j     0.077-0.007j     0.423-0.277j     -0.192+0.179j    -0.014-0.095j    0.438+0.124j     0.072+0.174j     
0.034-0.209j     -0.118+0.092j    0.050-0.462j     0.201+0.187j     0.367+0.116j     -0.133-0.528j    0.305+0.071j     -0.100-0.299j    
0.093+0.086j     -0.109-0.109j    0.183-0.479j     0.216+0.092j     -0.514-0.149j    0.167+0.177j     -0.154-0.315j    -0.318-0.270j    
2026-06-18 16:11:03,093 INFO ¿La reconstruccion de la matriz es correcta? -> [92mTrue[0m
2026-06-18 16:11:03,093 INFO Validando unitariedad de sub-bloques...
2026-06-18 16:11:03,094 INFO Verificaciones matematicas finalizadas con exito.
2026-06-18 16:11:03,094 ERROR Mathematical verifications pipeline failed: write_json_file() got an unexpected keyword argument 'logger'
2026-06-18 16:11:09,802 INFO Already running inside target virtualenv; proceeding to run workflow
2026-06-18 16:11:09,803 INFO Run output directory: /output\18_06_26__16_11
2026-06-18 16:11:09,803 INFO Iniciando pruebas de descomposición matricial de dos niveles...
2026-06-18 16:11:09,818 INFO Matriz Unitaria original (U):
2026-06-18 16:11:09,818 INFO 
-0.473+0.000j    0.246+0.000j     -0.533+0.000j    -0.164+0.000j    0.452+0.000j     -0.289+0.000j    -0.247+0.000j    -0.237+0.000j    
-0.014-0.180j    -0.375+0.191j    -0.308+0.214j    0.088+0.432j     0.235-0.089j     0.219-0.191j     0.518+0.020j     -0.088-0.178j    
0.287-0.258j     0.147+0.266j     -0.222+0.180j    -0.479-0.260j    -0.177-0.098j    0.175+0.360j     0.151-0.206j     -0.299+0.154j    
0.288+0.383j     0.111+0.369j     -0.324+0.280j    0.064+0.098j     -0.029+0.526j    -0.028+0.003j    -0.141-0.065j    0.349-0.010j     
0.118+0.017j     -0.305-0.552j    -0.225+0.216j    0.193-0.130j     -0.087+0.208j    0.192-0.026j     -0.260-0.404j    -0.308-0.153j    
0.124+0.319j     -0.072+0.024j    0.103-0.309j     -0.103-0.054j    0.570-0.164j     0.349+0.036j     0.008-0.449j     0.172+0.229j     
0.440-0.072j     0.039-0.263j     -0.061-0.087j    -0.048+0.201j    0.065+0.076j     -0.527-0.277j    0.210-0.083j     -0.120+0.496j    
-0.054+0.177j    -0.218-0.015j    0.280+0.134j     -0.574+0.167j    -0.026-0.014j    -0.395-0.027j    0.012-0.312j     0.069-0.452j     
2026-06-18 16:11:09,819 INFO ¿La reconstruccion de la matriz es correcta? -> [92mTrue[0m
2026-06-18 16:11:09,819 INFO Validando unitariedad de sub-bloques...
2026-06-18 16:11:09,820 INFO Verificaciones matematicas finalizadas con exito.
2026-06-18 16:11:09,820 ERROR Mathematical verifications pipeline failed: write_json_file() got an unexpected keyword argument 'logger'
2026-06-18 16:11:14,004 INFO Run output directory: /output\18_06_26__16_11
2026-06-18 16:11:14,004 INFO Iniciando pruebas de descomposición matricial de dos niveles...
2026-06-18 16:11:14,020 INFO Matriz Unitaria original (U):
2026-06-18 16:11:14,021 INFO 
-0.074+0.000j    -0.028+0.000j    0.544+0.000j     -0.134+0.000j    -0.427+0.000j    -0.393+0.000j    0.426+0.000j     0.402+0.000j     
0.459-0.274j     0.196+0.099j     0.141-0.323j     0.216+0.489j     -0.103-0.066j    -0.202+0.067j    -0.192+0.279j    -0.125+0.257j    
0.259+0.225j     0.074+0.059j     0.016-0.318j     -0.171-0.525j    0.231+0.081j     -0.122+0.055j    -0.114+0.553j    0.222-0.145j     
-0.038+0.252j    -0.243+0.079j    0.103+0.196j     0.253+0.031j     0.028-0.430j     -0.043+0.722j    0.022+0.148j     -0.115-0.110j    
0.360+0.293j     -0.059+0.001j    -0.505+0.309j    -0.066+0.115j    -0.339+0.299j    -0.081+0.184j    -0.060-0.033j    0.346+0.208j     
0.224-0.005j     -0.227-0.481j    0.035-0.205j     0.032+0.108j     0.067-0.437j     0.260-0.111j     -0.183-0.189j    0.508-0.094j     
0.251-0.421j     -0.299-0.131j    0.068+0.021j     -0.205-0.469j    -0.023+0.005j    -0.240+0.226j    -0.178-0.330j    -0.207+0.305j    
-0.145-0.012j    0.309-0.623j     0.108+0.136j     -0.187+0.003j    -0.379+0.114j    0.060+0.161j     -0.304+0.236j    -0.236-0.200j    
2026-06-18 16:11:14,022 INFO ¿La reconstruccion de la matriz es correcta? -> [92mTrue[0m
2026-06-18 16:11:14,022 INFO Validando unitariedad de sub-bloques...
2026-06-18 16:11:14,023 INFO Verificaciones matematicas finalizadas con exito.
2026-06-18 16:11:14,023 ERROR Mathematical verifications pipeline failed: write_json_file() got an unexpected keyword argument 'logger'
